ARM GAS  C:\Users\embedded\AppData\Local\Temp\ccG463Ug.s 			page 1


   1              		.cpu arm7tdmi
   2              		.fpu softvfp
   3              		.eabi_attribute 20, 1
   4              		.eabi_attribute 21, 1
   5              		.eabi_attribute 23, 3
   6              		.eabi_attribute 24, 1
   7              		.eabi_attribute 25, 1
   8              		.eabi_attribute 26, 1
   9              		.eabi_attribute 30, 4
  10              		.eabi_attribute 34, 0
  11              		.eabi_attribute 18, 4
  12              		.arm
  13              		.syntax divided
  14              		.file	"irq_handler.c"
  15              		.text
  16              	.Ltext0:
  17              		.cfi_sections	.debug_frame
  18              		.align	2
  19              		.global	IRQ_Test
  20              		.type	IRQ_Test, %function
  21              	IRQ_Test:
  22              	.LFB0:
  23              		.file 1 "irq_handler.c"
   1:irq_handler.c **** /*************************************************************************************
   2:irq_handler.c ****  *
   3:irq_handler.c ****  * @Description:
   4:irq_handler.c ****  * Przykładowa procedura obsługi przerwania dostosowania do 
   5:irq_handler.c ****  * obsługi przerwań wektoryzowanych.
   6:irq_handler.c ****  * Procedura ta przełącza stan diody P0.9.
   7:irq_handler.c ****  * 
   8:irq_handler.c ****  * 
   9:irq_handler.c ****  * @Authors: Michał Morawski, 
  10:irq_handler.c ****  *           Daniel Arendt, 
  11:irq_handler.c ****  *           Przemysław Ignaciuk,
  12:irq_handler.c ****  *           Marcin Kwapisz
  13:irq_handler.c ****  *
  14:irq_handler.c ****  * @Change log:
  15:irq_handler.c ****  *           2016.12.01: Wersja oryginalna.
  16:irq_handler.c ****  *
  17:irq_handler.c ****  ******************************************************************************/
  18:irq_handler.c **** 
  19:irq_handler.c **** #include "../general.h"
  20:irq_handler.c **** #include <lpc2xxx.h>
  21:irq_handler.c **** #include "irq_handler.h"
  22:irq_handler.c **** #include "../timer.h"
  23:irq_handler.c **** 
  24:irq_handler.c **** #include "../Common_Def.h"
  25:irq_handler.c **** 
  26:irq_handler.c **** void IRQ_Test(void)
  27:irq_handler.c **** {
  24              		.loc 1 27 0
  25              		.cfi_startproc
  26              		@ Interrupt Service Routine.
  27              		@ args = 0, pretend = 0, frame = 0
  28              		@ frame_needed = 0, uses_anonymous_args = 0
  29              		@ link register save eliminated.
  30 0000 0E002DE9 		stmfd	sp!, {r1, r2, r3}
ARM GAS  C:\Users\embedded\AppData\Local\Temp\ccG463Ug.s 			page 2


  31              	.LCFI0:
  32              		.cfi_def_cfa_offset 12
  33              		.cfi_offset 1, -12
  34              		.cfi_offset 2, -8
  35              		.cfi_offset 3, -4
  28:irq_handler.c **** 	if (TIMER_MR0_INT & T1IR)
  36              		.loc 1 28 0
  37 0004 4C309FE5 		ldr	r3, .L10
  38 0008 002093E5 		ldr	r2, [r3]
  39 000c 010012E3 		tst	r2, #1
  29:irq_handler.c ****     {
  30:irq_handler.c **** 		IOCLR1 = DIODA_PRAWA;         // (1 << 17)
  40              		.loc 1 30 0
  41 0010 0218A013 		movne	r1, #131072
  42 0014 40209F15 		ldrne	r2, .L10+4
  43 0018 1C108215 		strne	r1, [r2, #28]
  31:irq_handler.c ****         T1IR   = TIMER_MR0_INT;       // Informacja dla Timera #1,
  44              		.loc 1 31 0
  45 001c 0120A013 		movne	r2, #1
  46 0020 0600001A 		bne	.L8
  47              	.L2:
  32:irq_handler.c **** 	                                  // że jego przerwanie zostało obsłużone.
  33:irq_handler.c ****     }
  34:irq_handler.c ****     else if (TIMER_MR1_INT & T1IR)
  48              		.loc 1 34 0
  49 0024 002093E5 		ldr	r2, [r3]
  50 0028 020012E3 		tst	r2, #2
  51 002c 0400000A 		beq	.L3
  35:irq_handler.c ****     {
  36:irq_handler.c ****         IOSET1 = DIODA_PRAWA;         // (1 << 17)
  52              		.loc 1 36 0
  53 0030 0218A0E3 		mov	r1, #131072
  54 0034 20209FE5 		ldr	r2, .L10+4
  55 0038 141082E5 		str	r1, [r2, #20]
  37:irq_handler.c ****         T1IR   = TIMER_MR1_INT;       // Informacja dla Timera #1,
  56              		.loc 1 37 0
  57 003c 0220A0E3 		mov	r2, #2
  58              	.L8:
  59 0040 002083E5 		str	r2, [r3]
  60              	.L3:
  38:irq_handler.c **** 	                                  // że jego przerwanie zostało obsłużone.
  39:irq_handler.c ****     }
  40:irq_handler.c ****     VICVectAddr = 0;                  // End of Interrupt -> informacja dla
  61              		.loc 1 40 0
  62 0044 0020A0E3 		mov	r2, #0
  63 0048 0030E0E3 		mvn	r3, #0
  64 004c CF2F03E5 		str	r2, [r3, #-4047]
  41:irq_handler.c ****                                       // kontrolera przerwań
  42:irq_handler.c **** }
  65              		.loc 1 42 0
  66 0050 0E00BDE8 		ldmfd	sp!, {r1, r2, r3}
  67              	.LCFI1:
  68              		.cfi_restore 3
  69              		.cfi_restore 2
  70              		.cfi_restore 1
  71              		.cfi_def_cfa_offset 0
  72 0054 04F05EE2 		subs	pc, lr, #4
ARM GAS  C:\Users\embedded\AppData\Local\Temp\ccG463Ug.s 			page 3


  73              	.L11:
  74              		.align	2
  75              	.L10:
  76 0058 008000E0 		.word	-536838144
  77 005c 008002E0 		.word	-536707072
  78              		.cfi_endproc
  79              	.LFE0:
  80              		.size	IRQ_Test, .-IRQ_Test
  81              	.Letext0:
  82              		.section	.debug_info,"",%progbits
  83              	.Ldebug_info0:
  84 0000 70000000 		.4byte	0x70
  85 0004 0200     		.2byte	0x2
  86 0006 00000000 		.4byte	.Ldebug_abbrev0
  87 000a 04       		.byte	0x4
  88 000b 01       		.uleb128 0x1
  89 000c A2000000 		.4byte	.LASF7
  90 0010 0C       		.byte	0xc
  91 0011 4E000000 		.4byte	.LASF8
  92 0015 0D000000 		.4byte	.LASF9
  93 0019 00000000 		.4byte	.Ltext0
  94 001d 60000000 		.4byte	.Letext0
  95 0021 00000000 		.4byte	.Ldebug_line0
  96 0025 02       		.uleb128 0x2
  97 0026 01       		.byte	0x1
  98 0027 08       		.byte	0x8
  99 0028 86000000 		.4byte	.LASF0
 100 002c 02       		.uleb128 0x2
 101 002d 02       		.byte	0x2
 102 002e 07       		.byte	0x7
 103 002f 3B000000 		.4byte	.LASF1
 104 0033 02       		.uleb128 0x2
 105 0034 04       		.byte	0x4
 106 0035 07       		.byte	0x7
 107 0036 00000000 		.4byte	.LASF2
 108 003a 02       		.uleb128 0x2
 109 003b 08       		.byte	0x8
 110 003c 07       		.byte	0x7
 111 003d 6F000000 		.4byte	.LASF3
 112 0041 02       		.uleb128 0x2
 113 0042 01       		.byte	0x1
 114 0043 06       		.byte	0x6
 115 0044 2F000000 		.4byte	.LASF4
 116 0048 02       		.uleb128 0x2
 117 0049 02       		.byte	0x2
 118 004a 05       		.byte	0x5
 119 004b 5C000000 		.4byte	.LASF5
 120 004f 03       		.uleb128 0x3
 121 0050 04       		.byte	0x4
 122 0051 05       		.byte	0x5
 123 0052 696E7400 		.ascii	"int\000"
 124 0056 02       		.uleb128 0x2
 125 0057 08       		.byte	0x8
 126 0058 05       		.byte	0x5
 127 0059 94000000 		.4byte	.LASF6
 128 005d 04       		.uleb128 0x4
 129 005e 01       		.byte	0x1
ARM GAS  C:\Users\embedded\AppData\Local\Temp\ccG463Ug.s 			page 4


 130 005f 66000000 		.4byte	.LASF10
 131 0063 01       		.byte	0x1
 132 0064 1A       		.byte	0x1a
 133 0065 01       		.byte	0x1
 134 0066 00000000 		.4byte	.LFB0
 135 006a 60000000 		.4byte	.LFE0
 136 006e 00000000 		.4byte	.LLST0
 137 0072 01       		.byte	0x1
 138 0073 00       		.byte	0
 139              		.section	.debug_abbrev,"",%progbits
 140              	.Ldebug_abbrev0:
 141 0000 01       		.uleb128 0x1
 142 0001 11       		.uleb128 0x11
 143 0002 01       		.byte	0x1
 144 0003 25       		.uleb128 0x25
 145 0004 0E       		.uleb128 0xe
 146 0005 13       		.uleb128 0x13
 147 0006 0B       		.uleb128 0xb
 148 0007 03       		.uleb128 0x3
 149 0008 0E       		.uleb128 0xe
 150 0009 1B       		.uleb128 0x1b
 151 000a 0E       		.uleb128 0xe
 152 000b 11       		.uleb128 0x11
 153 000c 01       		.uleb128 0x1
 154 000d 12       		.uleb128 0x12
 155 000e 01       		.uleb128 0x1
 156 000f 10       		.uleb128 0x10
 157 0010 06       		.uleb128 0x6
 158 0011 00       		.byte	0
 159 0012 00       		.byte	0
 160 0013 02       		.uleb128 0x2
 161 0014 24       		.uleb128 0x24
 162 0015 00       		.byte	0
 163 0016 0B       		.uleb128 0xb
 164 0017 0B       		.uleb128 0xb
 165 0018 3E       		.uleb128 0x3e
 166 0019 0B       		.uleb128 0xb
 167 001a 03       		.uleb128 0x3
 168 001b 0E       		.uleb128 0xe
 169 001c 00       		.byte	0
 170 001d 00       		.byte	0
 171 001e 03       		.uleb128 0x3
 172 001f 24       		.uleb128 0x24
 173 0020 00       		.byte	0
 174 0021 0B       		.uleb128 0xb
 175 0022 0B       		.uleb128 0xb
 176 0023 3E       		.uleb128 0x3e
 177 0024 0B       		.uleb128 0xb
 178 0025 03       		.uleb128 0x3
 179 0026 08       		.uleb128 0x8
 180 0027 00       		.byte	0
 181 0028 00       		.byte	0
 182 0029 04       		.uleb128 0x4
 183 002a 2E       		.uleb128 0x2e
 184 002b 00       		.byte	0
 185 002c 3F       		.uleb128 0x3f
 186 002d 0C       		.uleb128 0xc
ARM GAS  C:\Users\embedded\AppData\Local\Temp\ccG463Ug.s 			page 5


 187 002e 03       		.uleb128 0x3
 188 002f 0E       		.uleb128 0xe
 189 0030 3A       		.uleb128 0x3a
 190 0031 0B       		.uleb128 0xb
 191 0032 3B       		.uleb128 0x3b
 192 0033 0B       		.uleb128 0xb
 193 0034 27       		.uleb128 0x27
 194 0035 0C       		.uleb128 0xc
 195 0036 11       		.uleb128 0x11
 196 0037 01       		.uleb128 0x1
 197 0038 12       		.uleb128 0x12
 198 0039 01       		.uleb128 0x1
 199 003a 40       		.uleb128 0x40
 200 003b 06       		.uleb128 0x6
 201 003c 9742     		.uleb128 0x2117
 202 003e 0C       		.uleb128 0xc
 203 003f 00       		.byte	0
 204 0040 00       		.byte	0
 205 0041 00       		.byte	0
 206              		.section	.debug_loc,"",%progbits
 207              	.Ldebug_loc0:
 208              	.LLST0:
 209 0000 00000000 		.4byte	.LFB0-.Ltext0
 210 0004 04000000 		.4byte	.LCFI0-.Ltext0
 211 0008 0200     		.2byte	0x2
 212 000a 7D       		.byte	0x7d
 213 000b 00       		.sleb128 0
 214 000c 04000000 		.4byte	.LCFI0-.Ltext0
 215 0010 54000000 		.4byte	.LCFI1-.Ltext0
 216 0014 0200     		.2byte	0x2
 217 0016 7D       		.byte	0x7d
 218 0017 0C       		.sleb128 12
 219 0018 54000000 		.4byte	.LCFI1-.Ltext0
 220 001c 60000000 		.4byte	.LFE0-.Ltext0
 221 0020 0200     		.2byte	0x2
 222 0022 7D       		.byte	0x7d
 223 0023 00       		.sleb128 0
 224 0024 00000000 		.4byte	0
 225 0028 00000000 		.4byte	0
 226              		.section	.debug_aranges,"",%progbits
 227 0000 1C000000 		.4byte	0x1c
 228 0004 0200     		.2byte	0x2
 229 0006 00000000 		.4byte	.Ldebug_info0
 230 000a 04       		.byte	0x4
 231 000b 00       		.byte	0
 232 000c 0000     		.2byte	0
 233 000e 0000     		.2byte	0
 234 0010 00000000 		.4byte	.Ltext0
 235 0014 60000000 		.4byte	.Letext0-.Ltext0
 236 0018 00000000 		.4byte	0
 237 001c 00000000 		.4byte	0
 238              		.section	.debug_line,"",%progbits
 239              	.Ldebug_line0:
 240 0000 41000000 		.section	.debug_str,"MS",%progbits,1
 240      02002400 
 240      00000201 
 240      FB0E0D00 
ARM GAS  C:\Users\embedded\AppData\Local\Temp\ccG463Ug.s 			page 6


 240      01010101 
 241              	.LASF2:
 242 0000 756E7369 		.ascii	"unsigned int\000"
 242      676E6564 
 242      20696E74 
 242      00
 243              	.LASF9:
 244 000d 433A5C45 		.ascii	"C:\\Embedded\\2138MiniDemo\\2138\\irq\000"
 244      6D626564 
 244      6465645C 
 244      32313338 
 244      4D696E69 
 245              	.LASF4:
 246 002f 7369676E 		.ascii	"signed char\000"
 246      65642063 
 246      68617200 
 247              	.LASF1:
 248 003b 73686F72 		.ascii	"short unsigned int\000"
 248      7420756E 
 248      7369676E 
 248      65642069 
 248      6E7400
 249              	.LASF8:
 250 004e 6972715F 		.ascii	"irq_handler.c\000"
 250      68616E64 
 250      6C65722E 
 250      6300
 251              	.LASF5:
 252 005c 73686F72 		.ascii	"short int\000"
 252      7420696E 
 252      7400
 253              	.LASF10:
 254 0066 4952515F 		.ascii	"IRQ_Test\000"
 254      54657374 
 254      00
 255              	.LASF3:
 256 006f 6C6F6E67 		.ascii	"long long unsigned int\000"
 256      206C6F6E 
 256      6720756E 
 256      7369676E 
 256      65642069 
 257              	.LASF0:
 258 0086 756E7369 		.ascii	"unsigned char\000"
 258      676E6564 
 258      20636861 
 258      7200
 259              	.LASF6:
 260 0094 6C6F6E67 		.ascii	"long long int\000"
 260      206C6F6E 
 260      6720696E 
 260      7400
 261              	.LASF7:
 262 00a2 474E5520 		.ascii	"GNU C11 5.4.1 20160609 (release) [ARM/embedded-5-br"
 262      43313120 
 262      352E342E 
 262      31203230 
 262      31363036 
ARM GAS  C:\Users\embedded\AppData\Local\Temp\ccG463Ug.s 			page 7


 263 00d5 616E6368 		.ascii	"anch revision 237715] -mcpu=arm7tdmi -mthumb-interw"
 263      20726576 
 263      6973696F 
 263      6E203233 
 263      37373135 
 264 0108 6F726B20 		.ascii	"ork -gdwarf-2 -Os\000"
 264      2D676477 
 264      6172662D 
 264      32202D4F 
 264      7300
 265              		.ident	"GCC: (GNU Tools for ARM Embedded Processors) 5.4.1 20160609 (release) [ARM/embedded-5-bran
ARM GAS  C:\Users\embedded\AppData\Local\Temp\ccG463Ug.s 			page 8


DEFINED SYMBOLS
                            *ABS*:00000000 irq_handler.c
C:\Users\embedded\AppData\Local\Temp\ccG463Ug.s:18     .text:00000000 $a
C:\Users\embedded\AppData\Local\Temp\ccG463Ug.s:21     .text:00000000 IRQ_Test
C:\Users\embedded\AppData\Local\Temp\ccG463Ug.s:76     .text:00000058 $d
                     .debug_frame:00000010 $d

NO UNDEFINED SYMBOLS
